#
# There is insufficient memory for the Java Runtime Environment to continue.
# Native memory allocation (malloc) failed to allocate 32744 bytes for ChunkPool::allocate
# Possible reasons:
#   The system is out of physical RAM or swap space
#   In 32 bit mode, the process size limit was hit
# Possible solutions:
#   Reduce memory load on the system
#   Increase physical memory or swap space
#   Check if swap backing store is full
#   Use 64 bit Java on a 64 bit OS
#   Decrease Java heap size (-Xmx/-Xms)
#   Decrease number of Java threads
#   Decrease Java thread stack sizes (-Xss)
#   Set larger code cache with -XX:ReservedCodeCacheSize=
# This output file may be truncated or incomplete.
#
#  Out of Memory Error (allocation.cpp:271), pid=5628, tid=9316
#
# JRE version: Java(TM) SE Runtime Environment (8.0_11-b12) (build 1.8.0_11-b12)
# Java VM: Java HotSpot(TM) 64-Bit Server VM (25.11-b03 mixed mode windows-amd64 compressed oops)
# Failed to write core dump. Minidumps are not enabled by default on client versions of Windows
#

---------------  T H R E A D  ---------------

Current thread (0x0000000002318000):  JavaThread "main" [_thread_in_native, id=9316, stack(0x00000000026e0000,0x00000000027e0000)]

Stack: [0x00000000026e0000,0x00000000027e0000]
Native frames: (J=compiled Java code, j=interpreted, Vv=VM code, C=native code)
V  [jvm.dll+0x308eca]

Java frames: (J=compiled Java code, j=interpreted, Vv=VM code)
j  java.util.ResourceBundle$RBClassLoader.<clinit>()V+0
v  ~StubRoutines::call_stub
j  java.util.ResourceBundle.getLoader(Ljava/lang/Class;)Ljava/lang/ClassLoader;+17
j  java.util.ResourceBundle.getBundle(Ljava/lang/String;Ljava/util/Locale;Ljava/util/ResourceBundle$Control;)Ljava/util/ResourceBundle;+5
j  sun.util.resources.LocaleData$1.run()Ljava/util/ResourceBundle;+11
j  sun.util.resources.LocaleData$1.run()Ljava/lang/Object;+1
v  ~StubRoutines::call_stub
j  java.security.AccessController.doPrivileged(Ljava/security/PrivilegedAction;)Ljava/lang/Object;+0
j  sun.util.resources.LocaleData.getBundle(Ljava/lang/String;Ljava/util/Locale;)Ljava/util/ResourceBundle;+9
j  sun.util.resources.LocaleData.getNumberFormatData(Ljava/util/Locale;)Ljava/util/ResourceBundle;+26
j  sun.util.locale.provider.LocaleResources.getDecimalFormatSymbolsData()[Ljava/lang/Object;+46
j  java.text.DecimalFormatSymbols.initialize(Ljava/util/Locale;)V+28
j  java.text.DecimalFormatSymbols.<init>(Ljava/util/Locale;)V+11
j  sun.util.locale.provider.DecimalFormatSymbolsProviderImpl.getInstance(Ljava/util/Locale;)Ljava/text/DecimalFormatSymbols;+17
j  java.text.DecimalFormatSymbols.getInstance(Ljava/util/Locale;)Ljava/text/DecimalFormatSymbols;+14
j  java.util.Formatter.getZero(Ljava/util/Locale;)C+15
j  java.util.Formatter.<init>(Ljava/util/Locale;Ljava/lang/Appendable;)V+16
j  java.util.Formatter.<init>()V+14
j  java.lang.String.format(Ljava/lang/String;[Ljava/lang/Object;)Ljava/lang/String;+4
j  org.gradle.wrapper.PathAssembler.rootDirName(Ljava/lang/String;Lorg/gradle/wrapper/WrapperConfiguration;)Ljava/lang/String;+26
j  org.gradle.wrapper.PathAssembler.getDistribution(Lorg/gradle/wrapper/WrapperConfiguration;)Lorg/gradle/wrapper/PathAssembler$LocalDistribution;+18
j  org.gradle.wrapper.Install.createDist(Lorg/gradle/wrapper/WrapperConfiguration;)Ljava/io/File;+10
j  org.gradle.wrapper.WrapperExecutor.execute([Ljava/lang/String;Lorg/gradle/wrapper/Install;Lorg/gradle/wrapper/BootstrapMainStarter;)V+5
j  org.gradle.wrapper.GradleWrapperMain.main([Ljava/lang/String;)V+156
v  ~StubRoutines::call_stub

---------------  P R O C E S S  ---------------

Java Threads: ( => current thread )
  0x0000000056bb1000 JavaThread "Service Thread" daemon [_thread_blocked, id=12476, stack(0x00000000570a0000,0x00000000571a0000)]
  0x000000005532f000 JavaThread "C1 CompilerThread2" daemon [_thread_blocked, id=12608, stack(0x0000000056740000,0x0000000056840000)]
  0x000000005532d000 JavaThread "C2 CompilerThread1" daemon [_thread_blocked, id=11968, stack(0x0000000056a50000,0x0000000056b50000)]
  0x0000000055328800 JavaThread "C2 CompilerThread0" daemon [_thread_blocked, id=9612, stack(0x00000000568a0000,0x00000000569a0000)]
  0x0000000055324000 JavaThread "Attach Listener" daemon [_thread_blocked, id=3772, stack(0x00000000565d0000,0x00000000566d0000)]
  0x0000000055320800 JavaThread "Signal Dispatcher" daemon [_thread_blocked, id=7776, stack(0x00000000564c0000,0x00000000565c0000)]
  0x00000000552c4000 JavaThread "Finalizer" daemon [_thread_blocked, id=4376, stack(0x0000000056310000,0x0000000056410000)]
  0x00000000552b9000 JavaThread "Reference Handler" daemon [_thread_blocked, id=7032, stack(0x0000000056040000,0x0000000056140000)]
=>0x0000000002318000 JavaThread "main" [_thread_in_native, id=9316, stack(0x00000000026e0000,0x00000000027e0000)]

Other Threads:
  0x00000000552b5800 VMThread [stack: 0x0000000056150000,0x0000000056250000] [id=8312]
  0x0000000056bc7000 WatcherThread [stack: 0x00000000571e0000,0x00000000572e0000] [id=3960]

VM state:not at safepoint (normal execution)

VM Mutex/Monitor currently owned by a thread: None

Heap:
 PSYoungGen      total 1024K, used 529K [0x00000000ebc00000, 0x00000000ebe00000, 0x0000000100000000)
  eden space 512K, 9% used [0x00000000ebc00000,0x00000000ebc0c5a0,0x00000000ebc80000)
  from space 512K, 93% used [0x00000000ebc80000,0x00000000ebcf8020,0x00000000ebd00000)
  to   space 512K, 0% used [0x00000000ebd80000,0x00000000ebd80000,0x00000000ebe00000)
 ParOldGen       total 61952K, used 297K [0x00000000c3400000, 0x00000000c7080000, 0x00000000ebc00000)
  object space 61952K, 0% used [0x00000000c3400000,0x00000000c344a640,0x00000000c7080000)
 Metaspace       used 3836K, capacity 4704K, committed 4864K, reserved 1056768K
  class space    used 425K, capacity 464K, committed 512K, reserved 1048576K

Card table byte_map: [0x0000000011e70000,0x0000000012060000] byte_map_base: 0x0000000011856000

Marking Bits: (ParMarkBitMap*) 0x000000006a7312b0
 Begin Bits: [0x00000000128e0000, 0x0000000013810000)
 End Bits:   [0x0000000013810000, 0x0000000014740000)

Polling page: 0x0000000000230000

CodeCache: size=245760Kb used=1310Kb max_used=1310Kb free=244449Kb
 bounds [0x0000000002ab0000, 0x0000000002d20000, 0x0000000011ab0000]
 total_blobs=377 nmethods=117 adapters=175
 compilation: enabled

Compilation events (10 events):
Event: 103.961 Thread 0x000000005532f000  114       3       sun.nio.cs.SingleByte$Encoder::encode (32 bytes)
Event: 103.961 Thread 0x000000005532f000 nmethod 114 0x0000000002bf60d0 code [0x0000000002bf6240, 0x0000000002bf6430]
Event: 103.961 Thread 0x000000005532f000  115       3       java.util.concurrent.ConcurrentHashMap$Node::<init> (26 bytes)
Event: 103.962 Thread 0x000000005532f000 nmethod 115 0x0000000002bf5cd0 code [0x0000000002bf5e20, 0x0000000002bf6010]
Event: 106.499 Thread 0x000000005532f000  116       3       java.lang.StringBuilder::<init> (7 bytes)
Event: 106.499 Thread 0x000000005532f000 nmethod 116 0x0000000002bf4ed0 code [0x0000000002bf5040, 0x0000000002bf52d0]
Event: 107.831 Thread 0x000000005532f000  117       3       sun.util.locale.LocaleUtils::isUpper (18 bytes)
Event: 107.831 Thread 0x000000005532f000 nmethod 117 0x0000000002bf4550 code [0x0000000002bf46a0, 0x0000000002bf4870]
Event: 108.690 Thread 0x000000005532f000  118   !   3       sun.misc.URLClassPath$JarLoader::getResource (85 bytes)
Event: 109.691 Thread 0x000000005532f000 nmethod 118 0x0000000002bf69d0 code [0x0000000002bf6c20, 0x0000000002bf7918]

GC Heap History (6 events):
Event: 75.093 GC heap before
{Heap before GC invocations=1 (full 0):
 PSYoungGen      total 1024K, used 512K [0x00000000ebc00000, 0x00000000ebd80000, 0x0000000100000000)
  eden space 512K, 100% used [0x00000000ebc00000,0x00000000ebc80000,0x00000000ebc80000)
  from space 512K, 0% used [0x00000000ebd00000,0x00000000ebd00000,0x00000000ebd80000)
  to   space 512K, 0% used [0x00000000ebc80000,0x00000000ebc80000,0x00000000ebd00000)
 ParOldGen       total 61952K, used 0K [0x00000000c3400000, 0x00000000c7080000, 0x00000000ebc00000)
  object space 61952K, 0% used [0x00000000c3400000,0x00000000c3400000,0x00000000c7080000)
 Metaspace       used 2530K, capacity 4480K, committed 4480K, reserved 1056768K
  class space    used 275K, capacity 384K, committed 384K, reserved 1048576K
Event: 76.620 GC heap after
Heap after GC invocations=1 (full 0):
 PSYoungGen      total 1024K, used 496K [0x00000000ebc00000, 0x00000000ebd80000, 0x0000000100000000)
  eden space 512K, 0% used [0x00000000ebc00000,0x00000000ebc00000,0x00000000ebc80000)
  from space 512K, 96% used [0x00000000ebc80000,0x00000000ebcfc010,0x00000000ebd00000)
  to   space 512K, 0% used [0x00000000ebd00000,0x00000000ebd00000,0x00000000ebd80000)
 ParOldGen       total 61952K, used 0K [0x00000000c3400000, 0x00000000c7080000, 0x00000000ebc00000)
  object space 61952K, 0% used [0x00000000c3400000,0x00000000c3400000,0x00000000c7080000)
 Metaspace       used 2530K, capacity 4480K, committed 4480K, reserved 1056768K
  class space    used 275K, capacity 384K, committed 384K, reserved 1048576K
}
Event: 95.057 GC heap before
{Heap before GC invocations=2 (full 0):
 PSYoungGen      total 1024K, used 1008K [0x00000000ebc00000, 0x00000000ebd80000, 0x0000000100000000)
  eden space 512K, 100% used [0x00000000ebc00000,0x00000000ebc80000,0x00000000ebc80000)
  from space 512K, 96% used [0x00000000ebc80000,0x00000000ebcfc010,0x00000000ebd00000)
  to   space 512K, 0% used [0x00000000ebd00000,0x00000000ebd00000,0x00000000ebd80000)
 ParOldGen       total 61952K, used 0K [0x00000000c3400000, 0x00000000c7080000, 0x00000000ebc00000)
  object space 61952K, 0% used [0x00000000c3400000,0x00000000c3400000,0x00000000c7080000)
 Metaspace       used 3196K, capacity 4600K, committed 4864K, reserved 1056768K
  class space    used 350K, capacity 424K, committed 512K, reserved 1048576K
Event: 95.059 GC heap after
Heap after GC invocations=2 (full 0):
 PSYoungGen      total 1024K, used 480K [0x00000000ebc00000, 0x00000000ebd80000, 0x0000000100000000)
  eden space 512K, 0% used [0x00000000ebc00000,0x00000000ebc00000,0x00000000ebc80000)
  from space 512K, 93% used [0x00000000ebd00000,0x00000000ebd78020,0x00000000ebd80000)
  to   space 512K, 0% used [0x00000000ebc80000,0x00000000ebc80000,0x00000000ebd00000)
 ParOldGen       total 61952K, used 105K [0x00000000c3400000, 0x00000000c7080000, 0x00000000ebc00000)
  object space 61952K, 0% used [0x00000000c3400000,0x00000000c341a590,0x00000000c7080000)
 Metaspace       used 3196K, capacity 4600K, committed 4864K, reserved 1056768K
  class space    used 350K, capacity 424K, committed 512K, reserved 1048576K
}
Event: 105.368 GC heap before
{Heap before GC invocations=3 (full 0):
 PSYoungGen      total 1024K, used 992K [0x00000000ebc00000, 0x00000000ebd80000, 0x0000000100000000)
  eden space 512K, 100% used [0x00000000ebc00000,0x00000000ebc80000,0x00000000ebc80000)
  from space 512K, 93% used [0x00000000ebd00000,0x00000000ebd78020,0x00000000ebd80000)
  to   space 512K, 0% used [0x00000000ebc80000,0x00000000ebc80000,0x00000000ebd00000)
 ParOldGen       total 61952K, used 105K [0x00000000c3400000, 0x00000000c7080000, 0x00000000ebc00000)
  object space 61952K, 0% used [0x00000000c3400000,0x00000000c341a590,0x00000000c7080000)
 Metaspace       used 3591K, capacity 4664K, committed 4864K, reserved 1056768K
  class space    used 395K, capacity 424K, committed 512K, reserved 1048576K
Event: 106.499 GC heap after
Heap after GC invocations=3 (full 0):
 PSYoungGen      total 1024K, used 480K [0x00000000ebc00000, 0x00000000ebe00000, 0x0000000100000000)
  eden space 512K, 0% used [0x00000000ebc00000,0x00000000ebc00000,0x00000000ebc80000)
  from space 512K, 93% used [0x00000000ebc80000,0x00000000ebcf8020,0x00000000ebd00000)
  to   space 512K, 0% used [0x00000000ebd80000,0x00000000ebd80000,0x00000000ebe00000)
 ParOldGen       total 61952K, used 297K [0x00000000c3400000, 0x00000000c7080000, 0x00000000ebc00000)
  object space 61952K, 0% used [0x00000000c3400000,0x00000000c344a640,0x00000000c7080000)
 Metaspace       used 3591K, capacity 4664K, committed 4864K, reserved 1056768K
  class space    used 395K, capacity 424K, committed 512K, reserved 1048576K
}

Deoptimization events (0 events):
No events

Internal exceptions (10 events):
Event: 95.561 Thread 0x0000000002318000 Exception <a 'java/security/PrivilegedActionException'> (0x00000000ebc096c8) thrown at [C:\re\workspace\8-2-build-windows-amd64-cygwin\jdk8u11\648\hotspot\src\share\vm\prims\jvm.cpp, line 1248]
Event: 96.439 Thread 0x0000000002318000 Exception <a 'java/security/PrivilegedActionException'> (0x00000000ebc14ce8) thrown at [C:\re\workspace\8-2-build-windows-amd64-cygwin\jdk8u11\648\hotspot\src\share\vm\prims\jvm.cpp, line 1248]
Event: 96.545 Thread 0x0000000002318000 Exception <a 'java/security/PrivilegedActionException'> (0x00000000ebc196d0) thrown at [C:\re\workspace\8-2-build-windows-amd64-cygwin\jdk8u11\648\hotspot\src\share\vm\prims\jvm.cpp, line 1248]
Event: 96.823 Thread 0x0000000002318000 Exception <a 'java/security/PrivilegedActionException'> (0x00000000ebc2df80) thrown at [C:\re\workspace\8-2-build-windows-amd64-cygwin\jdk8u11\648\hotspot\src\share\vm\prims\jvm.cpp, line 1248]
Event: 96.823 Thread 0x0000000002318000 Exception <a 'java/security/PrivilegedActionException'> (0x00000000ebc2e138) thrown at [C:\re\workspace\8-2-build-windows-amd64-cygwin\jdk8u11\648\hotspot\src\share\vm\prims\jvm.cpp, line 1248]
Event: 96.824 Thread 0x0000000002318000 Exception <a 'java/security/PrivilegedActionException'> (0x00000000ebc31f50) thrown at [C:\re\workspace\8-2-build-windows-amd64-cygwin\jdk8u11\648\hotspot\src\share\vm\prims\jvm.cpp, line 1248]
Event: 96.824 Thread 0x0000000002318000 Exception <a 'java/security/PrivilegedActionException'> (0x00000000ebc32108) thrown at [C:\re\workspace\8-2-build-windows-amd64-cygwin\jdk8u11\648\hotspot\src\share\vm\prims\jvm.cpp, line 1248]
Event: 97.601 Thread 0x0000000002318000 Exception <a 'java/security/PrivilegedActionException'> (0x00000000ebc38c68) thrown at [C:\re\workspace\8-2-build-windows-amd64-cygwin\jdk8u11\648\hotspot\src\share\vm\prims\jvm.cpp, line 1248]
Event: 97.602 Thread 0x0000000002318000 Exception <a 'java/security/PrivilegedActionException'> (0x00000000ebc3d610) thrown at [C:\re\workspace\8-2-build-windows-amd64-cygwin\jdk8u11\648\hotspot\src\share\vm\prims\jvm.cpp, line 1248]
Event: 97.603 Thread 0x0000000002318000 Exception <a 'java/security/PrivilegedActionException'> (0x00000000ebc40fb8) thrown at [C:\re\workspace\8-2-build-windows-amd64-cygwin\jdk8u11\648\hotspot\src\share\vm\prims\jvm.cpp, line 1248]

Events (10 events):
Event: 108.551 loading class sun/misc/URLClassPath$1 done
Event: 108.551 loading class java/net/URLClassLoader$3
Event: 108.552 loading class java/net/URLClassLoader$3 done
Event: 108.552 loading class sun/misc/CompoundEnumeration
Event: 108.690 loading class sun/misc/CompoundEnumeration done
Event: 108.690 loading class java/net/URLClassLoader$3$1
Event: 108.690 loading class java/net/URLClassLoader$3$1 done
Event: 108.691 loading class java/util/ResourceBundle$RBClassLoader
Event: 108.691 loading class java/util/ResourceBundle$RBClassLoader done
Event: 108.691 loading class java/util/ResourceBundle$RBClassLoader$1


Dynamic libraries:
0x000000013fa30000 - 0x000000013fa64000 	c:\Program Files\Java\jdk1.8.0_11\bin\java.exe
0x0000000076eb0000 - 0x000000007705b000 	C:\Windows\SYSTEM32\ntdll.dll
0x0000000076a20000 - 0x0000000076b3f000 	C:\Windows\system32\kernel32.dll
0x000007fefd5e0000 - 0x000007fefd64b000 	C:\Windows\system32\KERNELBASE.dll
0x000007fefd8c0000 - 0x000007fefd99b000 	C:\Windows\system32\ADVAPI32.dll
0x000007fefdfc0000 - 0x000007fefe05f000 	C:\Windows\system32\msvcrt.dll
0x000007fefd8a0000 - 0x000007fefd8bf000 	C:\Windows\SYSTEM32\sechost.dll
0x000007fefe1e0000 - 0x000007fefe30e000 	C:\Windows\system32\RPCRT4.dll
0x0000000076920000 - 0x0000000076a1a000 	C:\Windows\system32\USER32.dll
0x000007fefe170000 - 0x000007fefe1d7000 	C:\Windows\system32\GDI32.dll
0x000007fefded0000 - 0x000007fefdede000 	C:\Windows\system32\LPK.dll
0x000007fefd6f0000 - 0x000007fefd7ba000 	C:\Windows\system32\USP10.dll
0x000007fefa960000 - 0x000007fefab54000 	C:\Windows\WinSxS\amd64_microsoft.windows.common-controls_6595b64144ccf1df_6.0.7600.16661_none_fa62ad231704eab7\COMCTL32.dll
0x000007feff0a0000 - 0x000007feff111000 	C:\Windows\system32\SHLWAPI.dll
0x000007fefdc00000 - 0x000007fefdc2e000 	C:\Windows\system32\IMM32.DLL
0x000007fefe060000 - 0x000007fefe169000 	C:\Windows\system32\MSCTF.dll
0x000007fefd300000 - 0x000007fefd320000 	C:\Windows\system32\nvinitx.dll
0x0000000072fd0000 - 0x00000000730a2000 	c:\Program Files\Java\jdk1.8.0_11\jre\bin\msvcr100.dll
0x0000000069f80000 - 0x000000006a7aa000 	c:\Program Files\Java\jdk1.8.0_11\jre\bin\server\jvm.dll
0x000007fefad10000 - 0x000007fefad19000 	C:\Windows\system32\WSOCK32.dll
0x000007fefdbb0000 - 0x000007fefdbfd000 	C:\Windows\system32\WS2_32.dll
0x000007fefdf30000 - 0x000007fefdf38000 	C:\Windows\system32\NSI.dll
0x000007fef9100000 - 0x000007fef913b000 	C:\Windows\system32\WINMM.dll
0x0000000077080000 - 0x0000000077087000 	C:\Windows\system32\PSAPI.DLL
0x0000000073740000 - 0x000000007374f000 	c:\Program Files\Java\jdk1.8.0_11\jre\bin\verify.dll
0x00000000733b0000 - 0x00000000733d8000 	c:\Program Files\Java\jdk1.8.0_11\jre\bin\java.dll
0x0000000073390000 - 0x00000000733a6000 	c:\Program Files\Java\jdk1.8.0_11\jre\bin\zip.dll
0x000007fefe310000 - 0x000007feff096000 	C:\Windows\system32\SHELL32.dll
0x000007fefd9a0000 - 0x000007fefdba2000 	C:\Windows\system32\ole32.dll
0x000007fefd320000 - 0x000007fefd32f000 	C:\Windows\system32\profapi.dll

VM Arguments:
jvm_args: -Dorg.gradle.appname=gradlew 
java_command: org.gradle.wrapper.GradleWrapperMain clean slowTest
java_class_path (initial): c:/Praca/eclipse/saosB/saos/gradle/wrapper/gradle-wrapper.jar
Launcher Type: SUN_STANDARD

Environment Variables:
JAVA_HOME=C:\Program Files\Java\jdk1.8.0_11
PATH=c:\Users\test\bin;.;C:\Program Files (x86)\Git\local\bin;C:\Program Files (x86)\Git\mingw\bin;C:\Program Files (x86)\Git\bin;c:\Program Files (x86)\EasyPHP-DevServer-13.1VC9\binaries\php\php_runningversion;c:\Program Files (x86)\WANdisco\Subversion;c:\Program Files\Common Files\Microsoft Shared\Windows Live;c:\Program Files (x86)\Common Files\Microsoft Shared\Windows Live;c:\Windows\system32;c:\Windows;c:\Windows\System32\Wbem;c:\Windows\System32\WindowsPowerShell\v1.0\;c:\Program Files (x86)\Windows Live\Shared;c:\Program Files\Trend Micro\AMSP;c:\Program Files\WIDCOMM\Bluetooth Software\;c:\Program Files\WIDCOMM\Bluetooth Software\syswow64;c:\Program Files\Intel\WiFi\bin\;c:\Program Files\Common Files\Intel\WirelessCommon\;c:\Program Files\TortoiseSVN\bin;c:\Program Files\Java\jdk1.8.0_11\bin;c:\Program Files\Apache Software Foundation\apache-maven-3.0.5\bin;c:\Program Files (x86)\MiKTeX 2.9\miktex\bin\;c:\Program Files\SlikSvn\bin\;c:\Program Files\nodejs\;c:\Ruby200\bin;c:\Program Files\Ruby200\bin;c:\Users\test\AppData\Roaming\npm;c:\Program Files\Gradle\bin
USERNAME=test
OS=Windows_NT
PROCESSOR_IDENTIFIER=Intel64 Family 6 Model 37 Stepping 5, GenuineIntel



---------------  S Y S T E M  ---------------

OS: Windows 7 , 64 bit Build 7600 

CPU:total 4 (2 cores per cpu, 2 threads per core) family 6 model 37 stepping 5, cmov, cx8, fxsr, mmx, sse, sse2, sse3, ssse3, sse4.1, sse4.2, popcnt, ht, tsc, tscinvbit

Memory: 4k page, physical 3977508k(177868k free), swap 8002268k(4528k free)

vm_info: Java HotSpot(TM) 64-Bit Server VM (25.11-b03) for windows-amd64 JRE (1.8.0_11-b12), built on Jun 16 2014 20:57:32 by "java_re" with MS VC++ 10.0 (VS2010)

time: Wed Oct 29 14:52:39 2014
elapsed time: 111 seconds

